<?xml version="1.0" encoding="UTF-8"?>
<!-- Generated by org.testng.reporters.JUnitXMLReporter -->
<testsuite ignored="0" hostname="Achusri" failures="1" tests="1" name="Chrome Test" time="36.067" errors="0" timestamp="2026-05-28T12:46:18 IST">
  <testcase classname="testCases.TC003PimData" name="pim_data" time="16.362">
    <failure type="java.lang.AssertionError" message="expected [true] but found [false]">
      <![CDATA[java.lang.AssertionError: expected [true] but found [false]
at testCases.TC003PimData.pim_data(TC003PimData.java:33)
at java.base/java.util.ArrayList.forEach(ArrayList.java:1596)
... Removed 29 stack frames]]>
    </failure>
  </testcase> <!-- pim_data -->
</testsuite> <!-- Chrome Test -->
