<?xml version="1.0" encoding="UTF-8"?>
<testng-results ignored="0" total="1" passed="1" failed="0" skipped="0">
  <reporter-output>
  </reporter-output>
  <suite started-at="2026-05-21T13:03:12 IST" name="OrangeHRM Suite" finished-at="2026-05-21T13:04:17 IST" duration-ms="64578">
    <groups>
    </groups>
    <test started-at="2026-05-21T13:03:12 IST" name="Chrome Test" finished-at="2026-05-21T13:04:17 IST" duration-ms="64578">
      <class name="testCases.TC003PimData">
        <test-method is-config="true" signature="setup(java.lang.String,java.lang.String)[pri:0, instance:testCases.TC003PimData@3224a577]" started-at="2026-05-21T13:03:13 IST" name="setup" finished-at="2026-05-21T13:03:36 IST" duration-ms="22891" status="PASS">
          <params>
            <param index="0">
              <value>
                <![CDATA[chrome]]>
              </value>
            </param>
            <param index="1">
              <value>
                <![CDATA[windows]]>
              </value>
            </param>
          </params>
          <reporter-output>
          </reporter-output>
        </test-method> <!-- setup -->
        <test-method signature="pim_data()[pri:0, instance:testCases.TC003PimData@3224a577]" started-at="2026-05-21T13:03:36 IST" name="pim_data" finished-at="2026-05-21T13:04:03 IST" duration-ms="26970" status="PASS">
          <reporter-output>
          </reporter-output>
        </test-method> <!-- pim_data -->
        <test-method is-config="true" signature="teardown()[pri:0, instance:testCases.TC003PimData@3224a577]" started-at="2026-05-21T13:04:03 IST" name="teardown" finished-at="2026-05-21T13:04:17 IST" duration-ms="13191" status="PASS">
          <reporter-output>
          </reporter-output>
        </test-method> <!-- teardown -->
      </class> <!-- testCases.TC003PimData -->
    </test> <!-- Chrome Test -->
  </suite> <!-- OrangeHRM Suite -->
</testng-results>
